<?xml version="1.0" encoding="UTF-8"?>
<!-- Generated by org.testng.reporters.JUnitXMLReporter -->
<testsuite hostname="family" name="github" tests="3" failures="3" timestamp="26 Sep 2016 01:16:00 GMT" time="0.145" errors="0">
  <testcase name="testFriendsCount" time="0.01" classname="com.test.TwitterTest">
    <failure type="java.lang.NullPointerException">
      <![CDATA[java.lang.NullPointerException
	at com.test.TwitterTest.testFriendsCount(TwitterTest.java:34)
... Removed 24 stack frames]]>
    </failure>
  </testcase> <!-- testFriendsCount -->
  <testcase name="testId" time="0.045" classname="com.test.TwitterTest">
    <failure type="java.lang.NullPointerException">
      <![CDATA[java.lang.NullPointerException
	at com.test.TwitterTest.testId(TwitterTest.java:29)
... Removed 24 stack frames]]>
    </failure>
  </testcase> <!-- testId -->
  <testcase name="testStatusCode" time="0.003" classname="com.test.TwitterTest">
    <failure type="java.lang.NullPointerException">
      <![CDATA[java.lang.NullPointerException
	at com.util.RestUtil.validateStatusCode(RestUtil.java:114)
	at com.test.TwitterTest.testStatusCode(TwitterTest.java:24)
... Removed 24 stack frames]]>
    </failure>
  </testcase> <!-- testStatusCode -->
</testsuite> <!-- github -->
